<?xml version="1.0" encoding="UTF-8"?>
<testng-results skipped="0" failed="0" total="1" passed="1">
  <reporter-output>
  </reporter-output>
  <suite name="Default suite" duration-ms="129085" started-at="2019-10-09T02:18:52Z" finished-at="2019-10-09T02:21:01Z">
    <groups>
    </groups>
    <test name="Default test" duration-ms="129085" started-at="2019-10-09T02:18:52Z" finished-at="2019-10-09T02:21:01Z">
      <class name="Demo.Test1">
        <test-method status="PASS" signature="test()[pri:0, instance:Demo.Test1@48e4374]" name="test" duration-ms="129038" started-at="2019-10-09T07:48:52Z" finished-at="2019-10-09T07:51:01Z">
          <reporter-output>
          </reporter-output>
        </test-method> <!-- test -->
      </class> <!-- Demo.Test1 -->
    </test> <!-- Default test -->
  </suite> <!-- Default suite -->
</testng-results>
